Content-Type: text/plain; charset="utf-8"
MIME-Version: 1.0
Content-Transfer-Encoding: 7bit
Subject: Your School Management System Account
From: noreply@yourschool.com
To: unishphyal@gmail.com
Date: Tue, 10 Feb 2026 13:30:38 -0000
Message-ID: <177073023894.37044.14120055872778633019@Rozan.worldlink.com.np>


    Dear Unish Phyal,
    
    Your account has been successfully created in the School Management System.
    
    Account Details:
    - Email: unishphyal@gmail.com
    - Default Password: Teacher@123
    - Role: Teacher
    
    Please login at: http://localhost:8000/login/
    
    Important: 
    1. This is your default password. 
    2. Please change your password immediately after first login for security.
    
    Best regards,
    School Administration Team
    
-------------------------------------------------------------------------------
